0 info it worked if it ends with ok
1 verbose cli [ 'C:\\Program Files\\nodejs\\node.exe',
1 verbose cli   'C:\\Program Files\\nodejs\\node_modules\\npm\\bin\\npm-cli.js',
1 verbose cli   'run',
1 verbose cli   'watch' ]
2 info using npm@3.10.10
3 info using node@v6.11.4
4 verbose run-script [ 'prewatch', 'watch', 'postwatch' ]
5 info lifecycle frontend@1.0.0~prewatch: frontend@1.0.0
6 silly lifecycle frontend@1.0.0~prewatch: no script for prewatch, continuing
7 info lifecycle frontend@1.0.0~watch: frontend@1.0.0
8 verbose lifecycle frontend@1.0.0~watch: unsafe-perm in lifecycle true
9 verbose lifecycle frontend@1.0.0~watch: PATH: C:\Program Files\nodejs\node_modules\npm\bin\node-gyp-bin;C:\Users\Yesenia\Desktop\wordMunch\wordMunch\frontend\node_modules\.bin;C:\Users\Yesenia\bin;C:\Program Files\Git\mingw64\bin;C:\Program Files\Git\usr\local\bin;C:\Program Files\Git\usr\bin;C:\Program Files\Git\usr\bin;C:\Program Files\Git\mingw64\bin;C:\Program Files\Git\usr\bin;C:\Users\Yesenia\bin;C:\ProgramData\Oracle\Java\javapath;C:\Program Files (x86)\Intel\iCLS Client;C:\Program Files\Intel\iCLS Client;C:\WINDOWS\system32;C:\WINDOWS;C:\WINDOWS\System32\Wbem;C:\WINDOWS\System32\WindowsPowerShell\v1.0;C:\Program Files\Git\cmd;C:\Program Files\nodejs;C:\Program Files (x86)\Intel\Intel(R) Management Engine Components\DAL;C:\Program Files\Intel\Intel(R) Management Engine Components\DAL;C:\Program Files (x86)\Intel\Intel(R) Management Engine Components\IPT;C:\Program Files\Intel\Intel(R) Management Engine Components\IPT;C:\ProgramData\chocolatey\bin;C:\Program Files\MongoDB\Server\3.6\bin;C:\Program Files\RedHat\java-1.8.0-openjdk-1.8.0.161-1\bin;C:\WINDOWS\System32\OpenSSH;C:\Users\Yesenia\AppData\Local\Microsoft\WindowsApps;C:\Program Files\Heroku\bin;C:\Users\Yesenia\AppData\Roaming\npm;C:\Users\Yesenia\AppData\Roaming\Dashlane\5.3.2.14186\bin\Firefox_Extension\{442718d9-475e-452a-b3e1-fb1ee16b8e9f}\components;C:\Users\Yesenia\AppData\Roaming\Dashlane\5.3.2.14186\ucrt;C:\Program Files\Microsoft VS Code\bin;C:\Program Files\Git\usr\bin\vendor_perl;C:\Program Files\Git\usr\bin\core_perl
10 verbose lifecycle frontend@1.0.0~watch: CWD: C:\Users\Yesenia\Desktop\wordMunch\wordMunch\frontend
11 silly lifecycle frontend@1.0.0~watch: Args: [ '/d /s /c', 'webpack-dev-server --inline --hot' ]
12 silly lifecycle frontend@1.0.0~watch: Returned: code: 1  signal: null
13 info lifecycle frontend@1.0.0~watch: Failed to exec watch script
14 verbose stack Error: frontend@1.0.0 watch: `webpack-dev-server --inline --hot`
14 verbose stack Exit status 1
14 verbose stack     at EventEmitter.<anonymous> (C:\Program Files\nodejs\node_modules\npm\lib\utils\lifecycle.js:255:16)
14 verbose stack     at emitTwo (events.js:106:13)
14 verbose stack     at EventEmitter.emit (events.js:191:7)
14 verbose stack     at ChildProcess.<anonymous> (C:\Program Files\nodejs\node_modules\npm\lib\utils\spawn.js:40:14)
14 verbose stack     at emitTwo (events.js:106:13)
14 verbose stack     at ChildProcess.emit (events.js:191:7)
14 verbose stack     at maybeClose (internal/child_process.js:920:16)
14 verbose stack     at Process.ChildProcess._handle.onexit (internal/child_process.js:230:5)
15 verbose pkgid frontend@1.0.0
16 verbose cwd C:\Users\Yesenia\Desktop\wordMunch\wordMunch\frontend
17 error Windows_NT 10.0.17134
18 error argv "C:\\Program Files\\nodejs\\node.exe" "C:\\Program Files\\nodejs\\node_modules\\npm\\bin\\npm-cli.js" "run" "watch"
19 error node v6.11.4
20 error npm  v3.10.10
21 error code ELIFECYCLE
22 error frontend@1.0.0 watch: `webpack-dev-server --inline --hot`
22 error Exit status 1
23 error Failed at the frontend@1.0.0 watch script 'webpack-dev-server --inline --hot'.
23 error Make sure you have the latest version of node.js and npm installed.
23 error If you do, this is most likely a problem with the frontend package,
23 error not with npm itself.
23 error Tell the author that this fails on your system:
23 error     webpack-dev-server --inline --hot
23 error You can get information on how to open an issue for this project with:
23 error     npm bugs frontend
23 error Or if that isn't available, you can get their info via:
23 error     npm owner ls frontend
23 error There is likely additional logging output above.
24 verbose exit [ 1, true ]
